
--------------------------------------------------------------------------------
ATIVAR - 20/04/18 00:18:03:477
  - Modelo.: EscPosEpson
  - TimeOut: 3
  - Serial.: COM2 - BAUD=9600 DATA=8 PARITY=N STOP=1 HANDSHAKE= MAXBANDWIDTH=0 SENDBYTESCOUNT=0 SENDBYTESINTERVAL=0
--------------------------------------------------------------------------------

-- 20/04 00:18:06:938 - Imprimir, Copias:1, DecodificarTags:SIM, TraduzirTags:SIM
-- 20/04 00:18:06:943 - </zera>[CR][LF]</linha_dupla>[CR][LF]FONTE NORMAL: 48 Colunas[CR][LF]</c><n>FONTE NEGRITO</N>[CR][LF]<in>FONTE INVERTIDA</in>[CR][LF]<S>FONTE SUBLINHADA</s>[CR][LF]<i>FONTE ITALICO</i>[CR][LF]FONTE NORMAL[CR][LF]</linha_simples>[CR][LF]<n>LIGA NEGRITO[CR][LF]<i>LIGA ITALICO[CR][LF]<S>LIGA SUBLINHADA[CR][LF]<c>LIGA CONDENSADA[CR][LF]<e>LIGA EXPANDIDA[CR][LF]<a>LIGA ALTURA DUPLA[CR][LF]</fn>FONTE NORMAL[CR][LF]</linha_simples>[CR][LF]<e><n>NEGRITO E EXPANDIDA</n></e>[CR][LF]<c><n>NEGRITO E CONDENSADA</n></c>[CR][LF]<e><a>EXPANDIDA E ALT.DUPLA</a></e>[CR][LF]</fn>FONTE NORMAL[CR][LF]<in><e>INVERTIDA E EXPANDIDA</e></in>[CR][LF]<in><c>INVERTIDA E CONDENSADA</c></in>[CR][LF]<in><a>INVERTIDA E ALT.DUPLA</a></in>[CR][LF]</fn>FONTE NORMAL[CR][LF]</linha_simples>[CR][LF]</FB>FONTE TIPO B[CR][LF]<n>FONTE NEGRITO</N>[CR][LF]<e>FONTE EXPANDIDA</e>[CR][LF]<a>FONTE ALT.DUPLA</a>[CR][LF]<in>FONTE INVERTIDA</in>[CR][LF]<S>FONTE SUBLINHADA</s>[CR][LF]<i>FONTE ITALICO</i>[CR][LF]</FA>FONTE TIPO A[CR][LF]</FN>FONTE NORMAL[CR][LF]</corte_total>[CR][LF]<c>CODE128C: 35150711111111111111591234567890001135408700</c>[CR][LF]<code128c>35150711111111111111591234567890001135408700</code128c>[CR][LF]</Linha_Simples>[CR][LF]UPCA: 12345678901[CR][LF]<upca>12345678901</upca>[CR][LF]</Linha_Simples>[CR][LF]CODABAR: A123456789012345A[CR][LF]<codabar>A123456789012345A</codabar>[CR][LF]</Linha_Simples>[CR][LF]MSI: 1234567890[CR][LF]<msi>1234567890</msi>[CR][LF]</corte_total>
-- 20/04 00:18:06:949 - TraduzirTag(</zera>) -> [ESC]@[ESC]2[ESC]t[STX]
-- 20/04 00:18:06:955 - TraduzirTag(</linha_dupla>) -> ================================================
-- 20/04 00:18:06:960 - TraduzirTag(</c>) -> [ESC]![NUL]
-- 20/04 00:18:06:965 - TraduzirTag(<n>) -> [ESC]![BS]
-- 20/04 00:18:06:972 - TraduzirTag(</n>) -> [ESC]![NUL]
-- 20/04 00:18:06:977 - TraduzirTag(<in>) -> [GS]B[SOH]
-- 20/04 00:18:06:982 - TraduzirTag(</in>) -> [GS]B[NUL]
-- 20/04 00:18:06:987 - TraduzirTag(<s>) -> [ESC]![128]
-- 20/04 00:18:06:993 - TraduzirTag(</s>) -> [ESC]![NUL]
-- 20/04 00:18:06:998 - TraduzirTag(<i>) -> [ESC]4
-- 20/04 00:18:07:005 - TraduzirTag(</i>) -> [ESC]5
-- 20/04 00:18:07:010 - TraduzirTag(</linha_simples>) -> ------------------------------------------------
-- 20/04 00:18:07:016 - TraduzirTag(<n>) -> [ESC]![BS]
-- 20/04 00:18:07:021 - TraduzirTag(<i>) -> [ESC]4
-- 20/04 00:18:07:027 - TraduzirTag(<s>) -> [ESC]![136][ESC]4
-- 20/04 00:18:07:032 - TraduzirTag(<c>) -> [ESC]![137][ESC]4
-- 20/04 00:18:07:038 - TraduzirTag(<e>) -> [ESC]![169][ESC]4
-- 20/04 00:18:07:043 - TraduzirTag(<a>) -> [ESC]![185][ESC]4
-- 20/04 00:18:07:049 - TraduzirTag(</fn>) -> [ESC]![NUL]
-- 20/04 00:18:07:055 - TraduzirTag(</linha_simples>) -> ------------------------------------------------
-- 20/04 00:18:07:060 - TraduzirTag(<e>) -> [ESC]! 
-- 20/04 00:18:07:066 - TraduzirTag(<n>) -> [ESC]!(
-- 20/04 00:18:07:072 - TraduzirTag(</n>) -> [ESC]! 
-- 20/04 00:18:07:077 - TraduzirTag(</e>) -> [ESC]![NUL]
-- 20/04 00:18:07:083 - TraduzirTag(<c>) -> [ESC]![SOH]
-- 20/04 00:18:07:089 - TraduzirTag(<n>) -> [ESC]![TAB]
-- 20/04 00:18:07:095 - TraduzirTag(</n>) -> [ESC]![SOH]
-- 20/04 00:18:07:101 - TraduzirTag(</c>) -> [ESC]![NUL]
-- 20/04 00:18:07:107 - TraduzirTag(<e>) -> [ESC]! 
-- 20/04 00:18:07:112 - TraduzirTag(<a>) -> [ESC]!0
-- 20/04 00:18:07:118 - TraduzirTag(</a>) -> [ESC]! 
-- 20/04 00:18:07:124 - TraduzirTag(</e>) -> [ESC]![NUL]
-- 20/04 00:18:07:129 - TraduzirTag(</fn>) -> [ESC]![NUL]
-- 20/04 00:18:07:135 - TraduzirTag(<in>) -> [GS]B[SOH]
-- 20/04 00:18:07:142 - TraduzirTag(<e>) -> [ESC]! [GS]B[SOH]
-- 20/04 00:18:07:148 - TraduzirTag(</e>) -> [ESC]![NUL][GS]B[SOH]
-- 20/04 00:18:07:154 - TraduzirTag(</in>) -> [GS]B[NUL]
-- 20/04 00:18:07:160 - TraduzirTag(<in>) -> [GS]B[SOH]
-- 20/04 00:18:07:166 - TraduzirTag(<c>) -> [ESC]![SOH][GS]B[SOH]
-- 20/04 00:18:07:172 - TraduzirTag(</c>) -> [ESC]![NUL][GS]B[SOH]
-- 20/04 00:18:07:179 - TraduzirTag(</in>) -> [GS]B[NUL]
-- 20/04 00:18:07:185 - TraduzirTag(<in>) -> [GS]B[SOH]
-- 20/04 00:18:07:191 - TraduzirTag(<a>) -> [ESC]![16][GS]B[SOH]
-- 20/04 00:18:07:197 - TraduzirTag(</a>) -> [ESC]![NUL][GS]B[SOH]
-- 20/04 00:18:07:203 - TraduzirTag(</in>) -> [GS]B[NUL]
-- 20/04 00:18:07:210 - TraduzirTag(</fn>) -> [ESC]![NUL]
-- 20/04 00:18:07:217 - TraduzirTag(</linha_simples>) -> ------------------------------------------------
-- 20/04 00:18:07:223 - TraduzirTag(</fb>) -> [ESC]M[SOH]
-- 20/04 00:18:07:229 - TraduzirTag(<n>) -> [ESC]![BS]
-- 20/04 00:18:07:236 - TraduzirTag(</n>) -> [ESC]![NUL]
-- 20/04 00:18:07:242 - TraduzirTag(<e>) -> [ESC]! 
-- 20/04 00:18:07:248 - TraduzirTag(</e>) -> [ESC]![NUL]
-- 20/04 00:18:07:255 - TraduzirTag(<a>) -> [ESC]![16]
-- 20/04 00:18:07:261 - TraduzirTag(</a>) -> [ESC]![NUL]
-- 20/04 00:18:07:268 - TraduzirTag(<in>) -> [GS]B[SOH]
-- 20/04 00:18:07:275 - TraduzirTag(</in>) -> [GS]B[NUL]
-- 20/04 00:18:07:281 - TraduzirTag(<s>) -> [ESC]![128]
-- 20/04 00:18:07:288 - TraduzirTag(</s>) -> [ESC]![NUL]
-- 20/04 00:18:07:294 - TraduzirTag(<i>) -> [ESC]4
-- 20/04 00:18:07:301 - TraduzirTag(</i>) -> [ESC]5
-- 20/04 00:18:07:308 - TraduzirTag(</fa>) -> [ESC]M[NUL]
-- 20/04 00:18:07:314 - TraduzirTag(</fn>) -> [ESC]![NUL]
-- 20/04 00:18:07:320 - TraduzirTag(</corte_total>) ->  [LF] [LF] [LF] [LF] [LF] [LF] [LF] [LF] [LF] [LF] [LF] [LF] [LF] [LF] [LF] [LF] [LF] [LF] [LF] [LF] [LF][GS]V[NUL]
-- 20/04 00:18:07:326 - TraduzirTag(<c>) -> [ESC]![SOH]
-- 20/04 00:18:07:332 - TraduzirTag(</c>) -> [ESC]![NUL]
-- 20/04 00:18:07:338 - TraduzirTagBloco(<code128c>, 35150711111111111111591234567890001135408700) -> [GS]w[STX][GS]h2[GS]H[NUL][GS]kI[24]{C#[15][7][11][11][11][11][11][11][11];[FF]"8NZ[NUL][11]#(W[NUL]
-- 20/04 00:18:07:345 - TraduzirTag(</linha_simples>) -> ------------------------------------------------
-- 20/04 00:18:07:352 - TraduzirTagBloco(<upca>, 12345678901) -> [GS]w[STX][GS]h2[GS]H[NUL][GS]kA[11]12345678901
-- 20/04 00:18:07:358 - TraduzirTag(</linha_simples>) -> ------------------------------------------------
-- 20/04 00:18:07:364 - TraduzirTagBloco(<codabar>, A123456789012345A) -> [GS]w[STX][GS]h2[GS]H[NUL][GS]kG[WAK]A123456789012345A
-- 20/04 00:18:07:370 - TraduzirTag(</linha_simples>) -> ------------------------------------------------
-- 20/04 00:18:07:377 - TraduzirTagBloco(<msi>, 1234567890) -> [GS]w[STX][GS]h2[GS]H[NUL][GS]kR[LF]1234567890
-- 20/04 00:18:07:383 - TraduzirTag(</corte_total>) ->  [LF] [LF] [LF] [LF] [LF] [LF] [LF] [LF] [LF] [LF] [LF] [LF] [LF] [LF] [LF] [LF] [LF] [LF] [LF] [LF] [LF][GS]V[NUL]
-- 20/04 00:18:07:390 - EnviarStringDevice( [ESC]@[ESC]2[ESC]t[STX][LF]================================================[LF]FONTE NORMAL: 48 Colunas[LF][ESC]![NUL][ESC]![BS]FONTE NEGRITO[ESC]![NUL][LF][GS]B[SOH]FONTE INVERTIDA[GS]B[NUL][LF][ESC]![128]FONTE SUBLINHADA[ESC]![NUL][LF][ESC]4FONTE ITALICO[ESC]5[LF]FONTE NORMAL[LF]------------------------------------------------[LF][ESC]![BS]LIGA NEGRITO[LF][ESC]4LIGA ITALICO[LF][ESC]![136][ESC]4LIGA SUBLINHADA[LF][ESC]![137][ESC]4LIGA CONDENSADA[LF][ESC]![169][ESC]4LIGA EXPANDIDA[LF][ESC]![185][ESC]4LIGA ALTURA DUPLA[LF][ESC]![NUL]FONTE NORMAL[LF]------------------------------------------------[LF][ESC]! [ESC]!(NEGRITO E EXPANDIDA[ESC]! [ESC]![NUL][LF][ESC]![SOH][ESC]![TAB]NEGRITO E CONDENSADA[ESC]![SOH][ESC]![NUL][LF][ESC]! [ESC]!0EXPANDIDA E ALT.DUPLA[ESC]! [ESC]![NUL][LF][ESC]![NUL]FONTE NORMAL[LF][GS]B[SOH][ESC]! [GS]B[SOH]INVERTIDA E EXPANDIDA[ESC]![NUL][GS]B[SOH][GS]B[NUL][LF][GS]B[SOH][ESC]![SOH][GS]B[SOH]INVERTIDA E CONDENSADA[ESC]![NUL][GS]B[SOH][GS]B[NUL][LF][GS]B[SOH][ESC]![16][GS]B[SOH]INVERTIDA E ALT.DUPLA[ESC]![NUL][GS]B[SOH][GS]B[NUL][LF][ESC]![NUL]FONTE NORMAL[LF]------------------------------------------------[LF][ESC]M[SOH]FONTE TIPO B[LF][ESC]![BS]FONTE NEGRITO[ESC]![NUL][LF][ESC]! FONTE EXPANDIDA[ESC]![NUL][LF][ESC]![16]FONTE ALT.DUPLA[ESC]![NUL][LF][GS]B[SOH]FONTE INVERTIDA[GS]B[NUL][LF][ESC]![128]FONTE SUBLINHADA[ESC]![NUL][LF][ESC]4FONTE ITALICO[ESC]5[LF][ESC]M[NUL]FONTE TIPO A[LF][ESC]![NUL]FONTE NORMAL[LF] [LF] [LF] [LF] [LF] [LF] [LF] [LF] [LF] [LF] [LF] [LF] [LF] [LF] [LF] [LF] [LF] [LF] [LF] [LF] [LF] [LF][GS]V[NUL][LF][ESC]![SOH]CODE128C: 35150711111111111111591234567890001135408700[ESC]![NUL][LF][GS]w[STX][GS]h2[GS]H[NUL][GS]kI[24]{C#[15][7][11][11][11][11][11][11][11];[FF]"8NZ[NUL][11]#(W[NUL][LF]------------------------------------------------[LF]UPCA: 12345678901[LF][GS]w[STX][GS]h2[GS]H[NUL][GS]kA[11]12345678901[LF]------------------------------------------------[LF]CODABAR: A123456789012345A[LF][GS]w[STX][GS]h2[GS]H[NUL][GS]kG[WAK]A123456789012345A[LF]------------------------------------------------[LF]MSI: 1234567890[LF][GS]w[STX][GS]h2[GS]H[NUL][GS]kR[LF]1234567890[LF] [LF] [LF] [LF] [LF] [LF] [LF] [LF] [LF] [LF] [LF] [LF] [LF] [LF] [LF] [LF] [LF] [LF] [LF] [LF] [LF] [LF][GS]V[NUL])
-- 20/04 00:18:07:402 - Desativando a porta: COM2

--------------------------------------------------------------------------------
DESATIVAR - 20/04/18 00:18:26:088
--------------------------------------------------------------------------------


--------------------------------------------------------------------------------
ATIVAR - 20/04/18 00:18:27:457
  - Modelo.: EscPosEpson
  - TimeOut: 3
  - Serial.: COM2 - BAUD=9600 DATA=8 PARITY=N STOP=1 HANDSHAKE= MAXBANDWIDTH=0 SENDBYTESCOUNT=0 SENDBYTESINTERVAL=0
--------------------------------------------------------------------------------

-- 20/04 00:18:30:460 - Imprimir, Copias:1, DecodificarTags:SIM, TraduzirTags:SIM
-- 20/04 00:18:30:466 - </zera>[CR][LF]</linha_dupla>[CR][LF]FONTE NORMAL: 48 Colunas[CR][LF]</c><n>FONTE NEGRITO</N>[CR][LF]<in>FONTE INVERTIDA</in>[CR][LF]<S>FONTE SUBLINHADA</s>[CR][LF]<i>FONTE ITALICO</i>[CR][LF]FONTE NORMAL[CR][LF]</linha_simples>[CR][LF]<n>LIGA NEGRITO[CR][LF]<i>LIGA ITALICO[CR][LF]<S>LIGA SUBLINHADA[CR][LF]<c>LIGA CONDENSADA[CR][LF]<e>LIGA EXPANDIDA[CR][LF]<a>LIGA ALTURA DUPLA[CR][LF]</fn>FONTE NORMAL[CR][LF]</linha_simples>[CR][LF]<e><n>NEGRITO E EXPANDIDA</n></e>[CR][LF]<c><n>NEGRITO E CONDENSADA</n></c>[CR][LF]<e><a>EXPANDIDA E ALT.DUPLA</a></e>[CR][LF]</fn>FONTE NORMAL[CR][LF]<in><e>INVERTIDA E EXPANDIDA</e></in>[CR][LF]<in><c>INVERTIDA E CONDENSADA</c></in>[CR][LF]<in><a>INVERTIDA E ALT.DUPLA</a></in>[CR][LF]</fn>FONTE NORMAL[CR][LF]</linha_simples>[CR][LF]</FB>FONTE TIPO B[CR][LF]<n>FONTE NEGRITO</N>[CR][LF]<e>FONTE EXPANDIDA</e>[CR][LF]<a>FONTE ALT.DUPLA</a>[CR][LF]<in>FONTE INVERTIDA</in>[CR][LF]<S>FONTE SUBLINHADA</s>[CR][LF]<i>FONTE ITALICO</i>[CR][LF]</FA>FONTE TIPO A[CR][LF]</FN>FONTE NORMAL[CR][LF]</corte_total>[CR][LF]<c>CODE128C: 35150711111111111111591234567890001135408700</c>[CR][LF]<code128c>35150711111111111111591234567890001135408700</code128c>[CR][LF]</Linha_Simples>[CR][LF]UPCA: 12345678901[CR][LF]<upca>12345678901</upca>[CR][LF]</Linha_Simples>[CR][LF]CODABAR: A123456789012345A[CR][LF]<codabar>A123456789012345A</codabar>[CR][LF]</Linha_Simples>[CR][LF]MSI: 1234567890[CR][LF]<msi>1234567890</msi>[CR][LF]</corte_total>
-- 20/04 00:18:30:472 - TraduzirTag(</zera>) -> [ESC]@[ESC]2[ESC]t[STX]
-- 20/04 00:18:30:480 - TraduzirTag(</linha_dupla>) -> ================================================
-- 20/04 00:18:30:487 - TraduzirTag(</c>) -> [ESC]![NUL]
-- 20/04 00:18:30:494 - TraduzirTag(<n>) -> [ESC]![BS]
-- 20/04 00:18:30:501 - TraduzirTag(</n>) -> [ESC]![NUL]
-- 20/04 00:18:30:508 - TraduzirTag(<in>) -> [GS]B[SOH]
-- 20/04 00:18:30:515 - TraduzirTag(</in>) -> [GS]B[NUL]
-- 20/04 00:18:30:521 - TraduzirTag(<s>) -> [ESC]![128]
-- 20/04 00:18:30:528 - TraduzirTag(</s>) -> [ESC]![NUL]
-- 20/04 00:18:30:536 - TraduzirTag(<i>) -> [ESC]4
-- 20/04 00:18:30:543 - TraduzirTag(</i>) -> [ESC]5
-- 20/04 00:18:30:550 - TraduzirTag(</linha_simples>) -> ------------------------------------------------
-- 20/04 00:18:30:557 - TraduzirTag(<n>) -> [ESC]![BS]
-- 20/04 00:18:30:564 - TraduzirTag(<i>) -> [ESC]4
-- 20/04 00:18:30:571 - TraduzirTag(<s>) -> [ESC]![136][ESC]4
-- 20/04 00:18:30:579 - TraduzirTag(<c>) -> [ESC]![137][ESC]4
-- 20/04 00:18:30:586 - TraduzirTag(<e>) -> [ESC]![169][ESC]4
-- 20/04 00:18:30:593 - TraduzirTag(<a>) -> [ESC]![185][ESC]4
-- 20/04 00:18:30:599 - TraduzirTag(</fn>) -> [ESC]![NUL]
-- 20/04 00:18:30:607 - TraduzirTag(</linha_simples>) -> ------------------------------------------------
-- 20/04 00:18:30:614 - TraduzirTag(<e>) -> [ESC]! 
-- 20/04 00:18:30:621 - TraduzirTag(<n>) -> [ESC]!(
-- 20/04 00:18:30:628 - TraduzirTag(</n>) -> [ESC]! 
-- 20/04 00:18:30:635 - TraduzirTag(</e>) -> [ESC]![NUL]
-- 20/04 00:18:30:642 - TraduzirTag(<c>) -> [ESC]![SOH]
-- 20/04 00:18:30:649 - TraduzirTag(<n>) -> [ESC]![TAB]
-- 20/04 00:18:30:656 - TraduzirTag(</n>) -> [ESC]![SOH]
-- 20/04 00:18:30:663 - TraduzirTag(</c>) -> [ESC]![NUL]
-- 20/04 00:18:30:670 - TraduzirTag(<e>) -> [ESC]! 
-- 20/04 00:18:30:677 - TraduzirTag(<a>) -> [ESC]!0
-- 20/04 00:18:30:684 - TraduzirTag(</a>) -> [ESC]! 
-- 20/04 00:18:30:691 - TraduzirTag(</e>) -> [ESC]![NUL]
-- 20/04 00:18:30:698 - TraduzirTag(</fn>) -> [ESC]![NUL]
-- 20/04 00:18:30:705 - TraduzirTag(<in>) -> [GS]B[SOH]
-- 20/04 00:18:30:712 - TraduzirTag(<e>) -> [ESC]! [GS]B[SOH]
-- 20/04 00:18:30:719 - TraduzirTag(</e>) -> [ESC]![NUL][GS]B[SOH]
-- 20/04 00:18:30:726 - TraduzirTag(</in>) -> [GS]B[NUL]
-- 20/04 00:18:30:734 - TraduzirTag(<in>) -> [GS]B[SOH]
-- 20/04 00:18:30:741 - TraduzirTag(<c>) -> [ESC]![SOH][GS]B[SOH]
-- 20/04 00:18:30:748 - TraduzirTag(</c>) -> [ESC]![NUL][GS]B[SOH]
-- 20/04 00:18:30:755 - TraduzirTag(</in>) -> [GS]B[NUL]
-- 20/04 00:18:30:762 - TraduzirTag(<in>) -> [GS]B[SOH]
-- 20/04 00:18:30:769 - TraduzirTag(<a>) -> [ESC]![16][GS]B[SOH]
-- 20/04 00:18:30:777 - TraduzirTag(</a>) -> [ESC]![NUL][GS]B[SOH]
-- 20/04 00:18:30:785 - TraduzirTag(</in>) -> [GS]B[NUL]
-- 20/04 00:18:30:791 - TraduzirTag(</fn>) -> [ESC]![NUL]
-- 20/04 00:18:30:798 - TraduzirTag(</linha_simples>) -> ------------------------------------------------
-- 20/04 00:18:30:805 - TraduzirTag(</fb>) -> [ESC]M[SOH]
-- 20/04 00:18:30:812 - TraduzirTag(<n>) -> [ESC]![BS]
-- 20/04 00:18:30:820 - TraduzirTag(</n>) -> [ESC]![NUL]
-- 20/04 00:18:30:827 - TraduzirTag(<e>) -> [ESC]! 
-- 20/04 00:18:30:834 - TraduzirTag(</e>) -> [ESC]![NUL]
-- 20/04 00:18:30:841 - TraduzirTag(<a>) -> [ESC]![16]
-- 20/04 00:18:30:848 - TraduzirTag(</a>) -> [ESC]![NUL]
-- 20/04 00:18:30:856 - TraduzirTag(<in>) -> [GS]B[SOH]
-- 20/04 00:18:30:864 - TraduzirTag(</in>) -> [GS]B[NUL]
-- 20/04 00:18:30:871 - TraduzirTag(<s>) -> [ESC]![128]
-- 20/04 00:18:30:878 - TraduzirTag(</s>) -> [ESC]![NUL]
-- 20/04 00:18:30:885 - TraduzirTag(<i>) -> [ESC]4
-- 20/04 00:18:30:892 - TraduzirTag(</i>) -> [ESC]5
-- 20/04 00:18:30:900 - TraduzirTag(</fa>) -> [ESC]M[NUL]
-- 20/04 00:18:30:907 - TraduzirTag(</fn>) -> [ESC]![NUL]
-- 20/04 00:18:30:914 - TraduzirTag(</corte_total>) ->  [LF] [LF] [LF] [LF][GS]V[NUL]
-- 20/04 00:18:30:921 - TraduzirTag(<c>) -> [ESC]![SOH]
-- 20/04 00:18:30:928 - TraduzirTag(</c>) -> [ESC]![NUL]
-- 20/04 00:18:30:935 - TraduzirTagBloco(<code128c>, 35150711111111111111591234567890001135408700) -> [GS]w[STX][GS]h2[GS]H[NUL][GS]kI[24]{C#[15][7][11][11][11][11][11][11][11];[FF]"8NZ[NUL][11]#(W[NUL]
-- 20/04 00:18:30:942 - TraduzirTag(</linha_simples>) -> ------------------------------------------------
-- 20/04 00:18:30:950 - TraduzirTagBloco(<upca>, 12345678901) -> [GS]w[STX][GS]h2[GS]H[NUL][GS]kA[11]12345678901
-- 20/04 00:18:30:957 - TraduzirTag(</linha_simples>) -> ------------------------------------------------
-- 20/04 00:18:30:965 - TraduzirTagBloco(<codabar>, A123456789012345A) -> [GS]w[STX][GS]h2[GS]H[NUL][GS]kG[WAK]A123456789012345A
-- 20/04 00:18:30:973 - TraduzirTag(</linha_simples>) -> ------------------------------------------------
-- 20/04 00:18:30:981 - TraduzirTagBloco(<msi>, 1234567890) -> [GS]w[STX][GS]h2[GS]H[NUL][GS]kR[LF]1234567890
-- 20/04 00:18:30:989 - TraduzirTag(</corte_total>) ->  [LF] [LF] [LF] [LF][GS]V[NUL]
-- 20/04 00:18:30:996 - EnviarStringDevice( [ESC]@[ESC]2[ESC]t[STX][LF]================================================[LF]FONTE NORMAL: 48 Colunas[LF][ESC]![NUL][ESC]![BS]FONTE NEGRITO[ESC]![NUL][LF][GS]B[SOH]FONTE INVERTIDA[GS]B[NUL][LF][ESC]![128]FONTE SUBLINHADA[ESC]![NUL][LF][ESC]4FONTE ITALICO[ESC]5[LF]FONTE NORMAL[LF]------------------------------------------------[LF][ESC]![BS]LIGA NEGRITO[LF][ESC]4LIGA ITALICO[LF][ESC]![136][ESC]4LIGA SUBLINHADA[LF][ESC]![137][ESC]4LIGA CONDENSADA[LF][ESC]![169][ESC]4LIGA EXPANDIDA[LF][ESC]![185][ESC]4LIGA ALTURA DUPLA[LF][ESC]![NUL]FONTE NORMAL[LF]------------------------------------------------[LF][ESC]! [ESC]!(NEGRITO E EXPANDIDA[ESC]! [ESC]![NUL][LF][ESC]![SOH][ESC]![TAB]NEGRITO E CONDENSADA[ESC]![SOH][ESC]![NUL][LF][ESC]! [ESC]!0EXPANDIDA E ALT.DUPLA[ESC]! [ESC]![NUL][LF][ESC]![NUL]FONTE NORMAL[LF][GS]B[SOH][ESC]! [GS]B[SOH]INVERTIDA E EXPANDIDA[ESC]![NUL][GS]B[SOH][GS]B[NUL][LF][GS]B[SOH][ESC]![SOH][GS]B[SOH]INVERTIDA E CONDENSADA[ESC]![NUL][GS]B[SOH][GS]B[NUL][LF][GS]B[SOH][ESC]![16][GS]B[SOH]INVERTIDA E ALT.DUPLA[ESC]![NUL][GS]B[SOH][GS]B[NUL][LF][ESC]![NUL]FONTE NORMAL[LF]------------------------------------------------[LF][ESC]M[SOH]FONTE TIPO B[LF][ESC]![BS]FONTE NEGRITO[ESC]![NUL][LF][ESC]! FONTE EXPANDIDA[ESC]![NUL][LF][ESC]![16]FONTE ALT.DUPLA[ESC]![NUL][LF][GS]B[SOH]FONTE INVERTIDA[GS]B[NUL][LF][ESC]![128]FONTE SUBLINHADA[ESC]![NUL][LF][ESC]4FONTE ITALICO[ESC]5[LF][ESC]M[NUL]FONTE TIPO A[LF][ESC]![NUL]FONTE NORMAL[LF] [LF] [LF] [LF] [LF][GS]V[NUL][LF][ESC]![SOH]CODE128C: 35150711111111111111591234567890001135408700[ESC]![NUL][LF][GS]w[STX][GS]h2[GS]H[NUL][GS]kI[24]{C#[15][7][11][11][11][11][11][11][11];[FF]"8NZ[NUL][11]#(W[NUL][LF]------------------------------------------------[LF]UPCA: 12345678901[LF][GS]w[STX][GS]h2[GS]H[NUL][GS]kA[11]12345678901[LF]------------------------------------------------[LF]CODABAR: A123456789012345A[LF][GS]w[STX][GS]h2[GS]H[NUL][GS]kG[WAK]A123456789012345A[LF]------------------------------------------------[LF]MSI: 1234567890[LF][GS]w[STX][GS]h2[GS]H[NUL][GS]kR[LF]1234567890[LF] [LF] [LF] [LF] [LF][GS]V[NUL])
-- 20/04 00:18:31:010 - Desativando a porta: COM2
-- 20/04 00:21:00:410 - SetModelo(ppEscPosEpson)

--------------------------------------------------------------------------------
ATIVAR - 20/04/18 00:21:09:663
  - Modelo.: EscPosEpson
  - TimeOut: 3
  - Serial.: COM2 - BAUD=9600 DATA=8 PARITY=N STOP=1 HANDSHAKE= MAXBANDWIDTH=0 SENDBYTESCOUNT=0 SENDBYTESINTERVAL=0
--------------------------------------------------------------------------------

-- 20/04 00:21:12:994 - Imprimir, Copias:1, DecodificarTags:SIM, TraduzirTags:SIM
-- 20/04 00:21:13:001 - </zera>[CR][LF]</linha_dupla>[CR][LF]FONTE NORMAL: 48 Colunas[CR][LF]</c><n>FONTE NEGRITO</N>[CR][LF]<in>FONTE INVERTIDA</in>[CR][LF]<S>FONTE SUBLINHADA</s>[CR][LF]<i>FONTE ITALICO</i>[CR][LF]FONTE NORMAL[CR][LF]</linha_simples>[CR][LF]<n>LIGA NEGRITO[CR][LF]<i>LIGA ITALICO[CR][LF]<S>LIGA SUBLINHADA[CR][LF]<c>LIGA CONDENSADA[CR][LF]<e>LIGA EXPANDIDA[CR][LF]<a>LIGA ALTURA DUPLA[CR][LF]</fn>FONTE NORMAL[CR][LF]</linha_simples>[CR][LF]<e><n>NEGRITO E EXPANDIDA</n></e>[CR][LF]<c><n>NEGRITO E CONDENSADA</n></c>[CR][LF]<e><a>EXPANDIDA E ALT.DUPLA</a></e>[CR][LF]</fn>FONTE NORMAL[CR][LF]<in><e>INVERTIDA E EXPANDIDA</e></in>[CR][LF]<in><c>INVERTIDA E CONDENSADA</c></in>[CR][LF]<in><a>INVERTIDA E ALT.DUPLA</a></in>[CR][LF]</fn>FONTE NORMAL[CR][LF]</linha_simples>[CR][LF]</FB>FONTE TIPO B[CR][LF]<n>FONTE NEGRITO</N>[CR][LF]<e>FONTE EXPANDIDA</e>[CR][LF]<a>FONTE ALT.DUPLA</a>[CR][LF]<in>FONTE INVERTIDA</in>[CR][LF]<S>FONTE SUBLINHADA</s>[CR][LF]<i>FONTE ITALICO</i>[CR][LF]</FA>FONTE TIPO A[CR][LF]</FN>FONTE NORMAL[CR][LF]</corte_total>[CR][LF]<c>CODE128C: 35150711111111111111591234567890001135408700</c>[CR][LF]<code128c>35150711111111111111591234567890001135408700</code128c>[CR][LF]</Linha_Simples>[CR][LF]UPCA: 12345678901[CR][LF]<upca>12345678901</upca>[CR][LF]</Linha_Simples>[CR][LF]CODABAR: A123456789012345A[CR][LF]<codabar>A123456789012345A</codabar>[CR][LF]</Linha_Simples>[CR][LF]MSI: 1234567890[CR][LF]<msi>1234567890</msi>[CR][LF]</corte_total>
-- 20/04 00:21:13:008 - TraduzirTag(</zera>) -> [ESC]@[ESC]2[ESC]t[STX]
-- 20/04 00:21:13:015 - TraduzirTag(</linha_dupla>) -> ================================================
-- 20/04 00:21:13:024 - TraduzirTag(</c>) -> [ESC]![NUL]
-- 20/04 00:21:13:031 - TraduzirTag(<n>) -> [ESC]![BS]
-- 20/04 00:21:13:038 - TraduzirTag(</n>) -> [ESC]![NUL]
-- 20/04 00:21:13:045 - TraduzirTag(<in>) -> [GS]B[SOH]
-- 20/04 00:21:13:052 - TraduzirTag(</in>) -> [GS]B[NUL]
-- 20/04 00:21:13:060 - TraduzirTag(<s>) -> [ESC]![128]
-- 20/04 00:21:13:067 - TraduzirTag(</s>) -> [ESC]![NUL]
-- 20/04 00:21:13:074 - TraduzirTag(<i>) -> [ESC]4
-- 20/04 00:21:13:082 - TraduzirTag(</i>) -> [ESC]5
-- 20/04 00:21:13:089 - TraduzirTag(</linha_simples>) -> ------------------------------------------------
-- 20/04 00:21:13:097 - TraduzirTag(<n>) -> [ESC]![BS]
-- 20/04 00:21:13:104 - TraduzirTag(<i>) -> [ESC]4
-- 20/04 00:21:13:111 - TraduzirTag(<s>) -> [ESC]![136][ESC]4
-- 20/04 00:21:13:118 - TraduzirTag(<c>) -> [ESC]![137][ESC]4
-- 20/04 00:21:13:126 - TraduzirTag(<e>) -> [ESC]![169][ESC]4
-- 20/04 00:21:13:133 - TraduzirTag(<a>) -> [ESC]![185][ESC]4
-- 20/04 00:21:13:140 - TraduzirTag(</fn>) -> [ESC]![NUL]
-- 20/04 00:21:13:147 - TraduzirTag(</linha_simples>) -> ------------------------------------------------
-- 20/04 00:21:13:155 - TraduzirTag(<e>) -> [ESC]! 
-- 20/04 00:21:13:162 - TraduzirTag(<n>) -> [ESC]!(
-- 20/04 00:21:13:169 - TraduzirTag(</n>) -> [ESC]! 
-- 20/04 00:21:13:176 - TraduzirTag(</e>) -> [ESC]![NUL]
-- 20/04 00:21:13:183 - TraduzirTag(<c>) -> [ESC]![SOH]
-- 20/04 00:21:13:191 - TraduzirTag(<n>) -> [ESC]![TAB]
-- 20/04 00:21:13:199 - TraduzirTag(</n>) -> [ESC]![SOH]
-- 20/04 00:21:13:208 - TraduzirTag(</c>) -> [ESC]![NUL]
-- 20/04 00:21:13:215 - TraduzirTag(<e>) -> [ESC]! 
-- 20/04 00:21:13:224 - TraduzirTag(<a>) -> [ESC]!0
-- 20/04 00:21:13:231 - TraduzirTag(</a>) -> [ESC]! 
-- 20/04 00:21:13:240 - TraduzirTag(</e>) -> [ESC]![NUL]
-- 20/04 00:21:13:248 - TraduzirTag(</fn>) -> [ESC]![NUL]
-- 20/04 00:21:13:256 - TraduzirTag(<in>) -> [GS]B[SOH]
-- 20/04 00:21:13:265 - TraduzirTag(<e>) -> [ESC]! [GS]B[SOH]
-- 20/04 00:21:13:274 - TraduzirTag(</e>) -> [ESC]![NUL][GS]B[SOH]
-- 20/04 00:21:13:282 - TraduzirTag(</in>) -> [GS]B[NUL]
-- 20/04 00:21:13:290 - TraduzirTag(<in>) -> [GS]B[SOH]
-- 20/04 00:21:13:298 - TraduzirTag(<c>) -> [ESC]![SOH][GS]B[SOH]
-- 20/04 00:21:13:308 - TraduzirTag(</c>) -> [ESC]![NUL][GS]B[SOH]
-- 20/04 00:21:13:315 - TraduzirTag(</in>) -> [GS]B[NUL]
-- 20/04 00:21:13:322 - TraduzirTag(<in>) -> [GS]B[SOH]
-- 20/04 00:21:13:329 - TraduzirTag(<a>) -> [ESC]![16][GS]B[SOH]
-- 20/04 00:21:13:336 - TraduzirTag(</a>) -> [ESC]![NUL][GS]B[SOH]
-- 20/04 00:21:13:343 - TraduzirTag(</in>) -> [GS]B[NUL]
-- 20/04 00:21:13:349 - TraduzirTag(</fn>) -> [ESC]![NUL]
-- 20/04 00:21:13:356 - TraduzirTag(</linha_simples>) -> ------------------------------------------------
-- 20/04 00:21:13:364 - TraduzirTag(</fb>) -> [ESC]M[SOH]
-- 20/04 00:21:13:372 - TraduzirTag(<n>) -> [ESC]![BS]
-- 20/04 00:21:13:378 - TraduzirTag(</n>) -> [ESC]![NUL]
-- 20/04 00:21:13:385 - TraduzirTag(<e>) -> [ESC]! 
-- 20/04 00:21:13:392 - TraduzirTag(</e>) -> [ESC]![NUL]
-- 20/04 00:21:13:400 - TraduzirTag(<a>) -> [ESC]![16]
-- 20/04 00:21:13:407 - TraduzirTag(</a>) -> [ESC]![NUL]
-- 20/04 00:21:13:414 - TraduzirTag(<in>) -> [GS]B[SOH]
-- 20/04 00:21:13:420 - TraduzirTag(</in>) -> [GS]B[NUL]
-- 20/04 00:21:13:428 - TraduzirTag(<s>) -> [ESC]![128]
-- 20/04 00:21:13:434 - TraduzirTag(</s>) -> [ESC]![NUL]
-- 20/04 00:21:13:442 - TraduzirTag(<i>) -> [ESC]4
-- 20/04 00:21:13:448 - TraduzirTag(</i>) -> [ESC]5
-- 20/04 00:21:13:455 - TraduzirTag(</fa>) -> [ESC]M[NUL]
-- 20/04 00:21:13:462 - TraduzirTag(</fn>) -> [ESC]![NUL]
-- 20/04 00:21:13:469 - TraduzirTag(</corte_total>) ->  [LF] [LF] [LF] [LF] [LF] [LF] [LF] [LF] [LF] [LF] [LF] [LF] [LF] [LF] [LF] [LF] [LF] [LF] [LF] [LF] [LF][GS]V[NUL]
-- 20/04 00:21:13:477 - TraduzirTag(<c>) -> [ESC]![SOH]
-- 20/04 00:21:13:484 - TraduzirTag(</c>) -> [ESC]![NUL]
-- 20/04 00:21:13:491 - TraduzirTagBloco(<code128c>, 35150711111111111111591234567890001135408700) -> [GS]w[STX][GS]h2[GS]H[NUL][GS]kI[24]{C#[15][7][11][11][11][11][11][11][11];[FF]"8NZ[NUL][11]#(W[NUL]
-- 20/04 00:21:13:498 - TraduzirTag(</linha_simples>) -> ------------------------------------------------
-- 20/04 00:21:13:505 - TraduzirTagBloco(<upca>, 12345678901) -> [GS]w[STX][GS]h2[GS]H[NUL][GS]kA[11]12345678901
-- 20/04 00:21:13:512 - TraduzirTag(</linha_simples>) -> ------------------------------------------------
-- 20/04 00:21:13:520 - TraduzirTagBloco(<codabar>, A123456789012345A) -> [GS]w[STX][GS]h2[GS]H[NUL][GS]kG[WAK]A123456789012345A
-- 20/04 00:21:13:527 - TraduzirTag(</linha_simples>) -> ------------------------------------------------
-- 20/04 00:21:13:534 - TraduzirTagBloco(<msi>, 1234567890) -> [GS]w[STX][GS]h2[GS]H[NUL][GS]kR[LF]1234567890
-- 20/04 00:21:13:541 - TraduzirTag(</corte_total>) ->  [LF] [LF] [LF] [LF] [LF] [LF] [LF] [LF] [LF] [LF] [LF] [LF] [LF] [LF] [LF] [LF] [LF] [LF] [LF] [LF] [LF][GS]V[NUL]
-- 20/04 00:21:13:548 - EnviarStringDevice( [ESC]@[ESC]2[ESC]t[STX][LF]================================================[LF]FONTE NORMAL: 48 Colunas[LF][ESC]![NUL][ESC]![BS]FONTE NEGRITO[ESC]![NUL][LF][GS]B[SOH]FONTE INVERTIDA[GS]B[NUL][LF][ESC]![128]FONTE SUBLINHADA[ESC]![NUL][LF][ESC]4FONTE ITALICO[ESC]5[LF]FONTE NORMAL[LF]------------------------------------------------[LF][ESC]![BS]LIGA NEGRITO[LF][ESC]4LIGA ITALICO[LF][ESC]![136][ESC]4LIGA SUBLINHADA[LF][ESC]![137][ESC]4LIGA CONDENSADA[LF][ESC]![169][ESC]4LIGA EXPANDIDA[LF][ESC]![185][ESC]4LIGA ALTURA DUPLA[LF][ESC]![NUL]FONTE NORMAL[LF]------------------------------------------------[LF][ESC]! [ESC]!(NEGRITO E EXPANDIDA[ESC]! [ESC]![NUL][LF][ESC]![SOH][ESC]![TAB]NEGRITO E CONDENSADA[ESC]![SOH][ESC]![NUL][LF][ESC]! [ESC]!0EXPANDIDA E ALT.DUPLA[ESC]! [ESC]![NUL][LF][ESC]![NUL]FONTE NORMAL[LF][GS]B[SOH][ESC]! [GS]B[SOH]INVERTIDA E EXPANDIDA[ESC]![NUL][GS]B[SOH][GS]B[NUL][LF][GS]B[SOH][ESC]![SOH][GS]B[SOH]INVERTIDA E CONDENSADA[ESC]![NUL][GS]B[SOH][GS]B[NUL][LF][GS]B[SOH][ESC]![16][GS]B[SOH]INVERTIDA E ALT.DUPLA[ESC]![NUL][GS]B[SOH][GS]B[NUL][LF][ESC]![NUL]FONTE NORMAL[LF]------------------------------------------------[LF][ESC]M[SOH]FONTE TIPO B[LF][ESC]![BS]FONTE NEGRITO[ESC]![NUL][LF][ESC]! FONTE EXPANDIDA[ESC]![NUL][LF][ESC]![16]FONTE ALT.DUPLA[ESC]![NUL][LF][GS]B[SOH]FONTE INVERTIDA[GS]B[NUL][LF][ESC]![128]FONTE SUBLINHADA[ESC]![NUL][LF][ESC]4FONTE ITALICO[ESC]5[LF][ESC]M[NUL]FONTE TIPO A[LF][ESC]![NUL]FONTE NORMAL[LF] [LF] [LF] [LF] [LF] [LF] [LF] [LF] [LF] [LF] [LF] [LF] [LF] [LF] [LF] [LF] [LF] [LF] [LF] [LF] [LF] [LF][GS]V[NUL][LF][ESC]![SOH]CODE128C: 35150711111111111111591234567890001135408700[ESC]![NUL][LF][GS]w[STX][GS]h2[GS]H[NUL][GS]kI[24]{C#[15][7][11][11][11][11][11][11][11];[FF]"8NZ[NUL][11]#(W[NUL][LF]------------------------------------------------[LF]UPCA: 12345678901[LF][GS]w[STX][GS]h2[GS]H[NUL][GS]kA[11]12345678901[LF]------------------------------------------------[LF]CODABAR: A123456789012345A[LF][GS]w[STX][GS]h2[GS]H[NUL][GS]kG[WAK]A123456789012345A[LF]------------------------------------------------[LF]MSI: 1234567890[LF][GS]w[STX][GS]h2[GS]H[NUL][GS]kR[LF]1234567890[LF] [LF] [LF] [LF] [LF] [LF] [LF] [LF] [LF] [LF] [LF] [LF] [LF] [LF] [LF] [LF] [LF] [LF] [LF] [LF] [LF] [LF][GS]V[NUL])
-- 20/04 00:21:13:562 - Desativando a porta: COM2

--------------------------------------------------------------------------------
DESATIVAR - 20/04/18 00:21:19:468
--------------------------------------------------------------------------------


--------------------------------------------------------------------------------
ATIVAR - 20/04/18 00:21:20:676
  - Modelo.: EscPosEpson
  - TimeOut: 3
  - Serial.: COM2 - BAUD=9600 DATA=8 PARITY=N STOP=1 HANDSHAKE= MAXBANDWIDTH=0 SENDBYTESCOUNT=0 SENDBYTESINTERVAL=0
--------------------------------------------------------------------------------

-- 20/04 00:21:23:056 - Imprimir, Copias:1, DecodificarTags:SIM, TraduzirTags:SIM
-- 20/04 00:21:23:063 - </zera>[CR][LF]</linha_dupla>[CR][LF]FONTE NORMAL: 48 Colunas[CR][LF]</c><n>FONTE NEGRITO</N>[CR][LF]<in>FONTE INVERTIDA</in>[CR][LF]<S>FONTE SUBLINHADA</s>[CR][LF]<i>FONTE ITALICO</i>[CR][LF]FONTE NORMAL[CR][LF]</linha_simples>[CR][LF]<n>LIGA NEGRITO[CR][LF]<i>LIGA ITALICO[CR][LF]<S>LIGA SUBLINHADA[CR][LF]<c>LIGA CONDENSADA[CR][LF]<e>LIGA EXPANDIDA[CR][LF]<a>LIGA ALTURA DUPLA[CR][LF]</fn>FONTE NORMAL[CR][LF]</linha_simples>[CR][LF]<e><n>NEGRITO E EXPANDIDA</n></e>[CR][LF]<c><n>NEGRITO E CONDENSADA</n></c>[CR][LF]<e><a>EXPANDIDA E ALT.DUPLA</a></e>[CR][LF]</fn>FONTE NORMAL[CR][LF]<in><e>INVERTIDA E EXPANDIDA</e></in>[CR][LF]<in><c>INVERTIDA E CONDENSADA</c></in>[CR][LF]<in><a>INVERTIDA E ALT.DUPLA</a></in>[CR][LF]</fn>FONTE NORMAL[CR][LF]</linha_simples>[CR][LF]</FB>FONTE TIPO B[CR][LF]<n>FONTE NEGRITO</N>[CR][LF]<e>FONTE EXPANDIDA</e>[CR][LF]<a>FONTE ALT.DUPLA</a>[CR][LF]<in>FONTE INVERTIDA</in>[CR][LF]<S>FONTE SUBLINHADA</s>[CR][LF]<i>FONTE ITALICO</i>[CR][LF]</FA>FONTE TIPO A[CR][LF]</FN>FONTE NORMAL[CR][LF]</corte_total>[CR][LF]<c>CODE128C: 35150711111111111111591234567890001135408700</c>[CR][LF]<code128c>35150711111111111111591234567890001135408700</code128c>[CR][LF]</Linha_Simples>[CR][LF]UPCA: 12345678901[CR][LF]<upca>12345678901</upca>[CR][LF]</Linha_Simples>[CR][LF]CODABAR: A123456789012345A[CR][LF]<codabar>A123456789012345A</codabar>[CR][LF]</Linha_Simples>[CR][LF]MSI: 1234567890[CR][LF]<msi>1234567890</msi>[CR][LF]</corte_total>
-- 20/04 00:21:23:070 - TraduzirTag(</zera>) -> [ESC]@[ESC]2[ESC]t[STX]
-- 20/04 00:21:23:077 - TraduzirTag(</linha_dupla>) -> ================================================
-- 20/04 00:21:23:084 - TraduzirTag(</c>) -> [ESC]![NUL]
-- 20/04 00:21:23:091 - TraduzirTag(<n>) -> [ESC]![BS]
-- 20/04 00:21:23:098 - TraduzirTag(</n>) -> [ESC]![NUL]
-- 20/04 00:21:23:105 - TraduzirTag(<in>) -> [GS]B[SOH]
-- 20/04 00:21:23:112 - TraduzirTag(</in>) -> [GS]B[NUL]
-- 20/04 00:21:23:119 - TraduzirTag(<s>) -> [ESC]![128]
-- 20/04 00:21:23:126 - TraduzirTag(</s>) -> [ESC]![NUL]
-- 20/04 00:21:23:133 - TraduzirTag(<i>) -> [ESC]4
-- 20/04 00:21:23:140 - TraduzirTag(</i>) -> [ESC]5
-- 20/04 00:21:23:147 - TraduzirTag(</linha_simples>) -> ------------------------------------------------
-- 20/04 00:21:23:154 - TraduzirTag(<n>) -> [ESC]![BS]
-- 20/04 00:21:23:161 - TraduzirTag(<i>) -> [ESC]4
-- 20/04 00:21:23:168 - TraduzirTag(<s>) -> [ESC]![136][ESC]4
-- 20/04 00:21:23:175 - TraduzirTag(<c>) -> [ESC]![137][ESC]4
-- 20/04 00:21:23:182 - TraduzirTag(<e>) -> [ESC]![169][ESC]4
-- 20/04 00:21:23:189 - TraduzirTag(<a>) -> [ESC]![185][ESC]4
-- 20/04 00:21:23:195 - TraduzirTag(</fn>) -> [ESC]![NUL]
-- 20/04 00:21:23:203 - TraduzirTag(</linha_simples>) -> ------------------------------------------------
-- 20/04 00:21:23:211 - TraduzirTag(<e>) -> [ESC]! 
-- 20/04 00:21:23:218 - TraduzirTag(<n>) -> [ESC]!(
-- 20/04 00:21:23:224 - TraduzirTag(</n>) -> [ESC]! 
-- 20/04 00:21:23:231 - TraduzirTag(</e>) -> [ESC]![NUL]
-- 20/04 00:21:23:238 - TraduzirTag(<c>) -> [ESC]![SOH]
-- 20/04 00:21:23:246 - TraduzirTag(<n>) -> [ESC]![TAB]
-- 20/04 00:21:23:254 - TraduzirTag(</n>) -> [ESC]![SOH]
-- 20/04 00:21:23:261 - TraduzirTag(</c>) -> [ESC]![NUL]
-- 20/04 00:21:23:268 - TraduzirTag(<e>) -> [ESC]! 
-- 20/04 00:21:23:275 - TraduzirTag(<a>) -> [ESC]!0
-- 20/04 00:21:23:282 - TraduzirTag(</a>) -> [ESC]! 
-- 20/04 00:21:23:289 - TraduzirTag(</e>) -> [ESC]![NUL]
-- 20/04 00:21:23:295 - TraduzirTag(</fn>) -> [ESC]![NUL]
-- 20/04 00:21:23:303 - TraduzirTag(<in>) -> [GS]B[SOH]
-- 20/04 00:21:23:310 - TraduzirTag(<e>) -> [ESC]! [GS]B[SOH]
-- 20/04 00:21:23:317 - TraduzirTag(</e>) -> [ESC]![NUL][GS]B[SOH]
-- 20/04 00:21:23:323 - TraduzirTag(</in>) -> [GS]B[NUL]
-- 20/04 00:21:23:330 - TraduzirTag(<in>) -> [GS]B[SOH]
-- 20/04 00:21:23:339 - TraduzirTag(<c>) -> [ESC]![SOH][GS]B[SOH]
-- 20/04 00:21:23:346 - TraduzirTag(</c>) -> [ESC]![NUL][GS]B[SOH]
-- 20/04 00:21:23:353 - TraduzirTag(</in>) -> [GS]B[NUL]
-- 20/04 00:21:23:361 - TraduzirTag(<in>) -> [GS]B[SOH]
-- 20/04 00:21:23:367 - TraduzirTag(<a>) -> [ESC]![16][GS]B[SOH]
-- 20/04 00:21:23:374 - TraduzirTag(</a>) -> [ESC]![NUL][GS]B[SOH]
-- 20/04 00:21:23:381 - TraduzirTag(</in>) -> [GS]B[NUL]
-- 20/04 00:21:23:388 - TraduzirTag(</fn>) -> [ESC]![NUL]
-- 20/04 00:21:23:395 - TraduzirTag(</linha_simples>) -> ------------------------------------------------
-- 20/04 00:21:23:401 - TraduzirTag(</fb>) -> [ESC]M[SOH]
-- 20/04 00:21:23:409 - TraduzirTag(<n>) -> [ESC]![BS]
-- 20/04 00:21:23:416 - TraduzirTag(</n>) -> [ESC]![NUL]
-- 20/04 00:21:23:422 - TraduzirTag(<e>) -> [ESC]! 
-- 20/04 00:21:23:429 - TraduzirTag(</e>) -> [ESC]![NUL]
-- 20/04 00:21:23:436 - TraduzirTag(<a>) -> [ESC]![16]
-- 20/04 00:21:23:443 - TraduzirTag(</a>) -> [ESC]![NUL]
-- 20/04 00:21:23:450 - TraduzirTag(<in>) -> [GS]B[SOH]
-- 20/04 00:21:23:457 - TraduzirTag(</in>) -> [GS]B[NUL]
-- 20/04 00:21:23:464 - TraduzirTag(<s>) -> [ESC]![128]
-- 20/04 00:21:23:471 - TraduzirTag(</s>) -> [ESC]![NUL]
-- 20/04 00:21:23:477 - TraduzirTag(<i>) -> [ESC]4
-- 20/04 00:21:23:484 - TraduzirTag(</i>) -> [ESC]5
-- 20/04 00:21:23:491 - TraduzirTag(</fa>) -> [ESC]M[NUL]
-- 20/04 00:21:23:498 - TraduzirTag(</fn>) -> [ESC]![NUL]
-- 20/04 00:21:23:505 - TraduzirTag(</corte_total>) ->  [LF] [LF] [LF] [LF][GS]V[NUL]
-- 20/04 00:21:23:512 - TraduzirTag(<c>) -> [ESC]![SOH]
-- 20/04 00:21:23:519 - TraduzirTag(</c>) -> [ESC]![NUL]
-- 20/04 00:21:23:526 - TraduzirTagBloco(<code128c>, 35150711111111111111591234567890001135408700) -> [GS]w[STX][GS]h2[GS]H[NUL][GS]kI[24]{C#[15][7][11][11][11][11][11][11][11];[FF]"8NZ[NUL][11]#(W[NUL]
-- 20/04 00:21:23:533 - TraduzirTag(</linha_simples>) -> ------------------------------------------------
-- 20/04 00:21:23:541 - TraduzirTagBloco(<upca>, 12345678901) -> [GS]w[STX][GS]h2[GS]H[NUL][GS]kA[11]12345678901
-- 20/04 00:21:23:548 - TraduzirTag(</linha_simples>) -> ------------------------------------------------
-- 20/04 00:21:23:555 - TraduzirTagBloco(<codabar>, A123456789012345A) -> [GS]w[STX][GS]h2[GS]H[NUL][GS]kG[WAK]A123456789012345A
-- 20/04 00:21:23:562 - TraduzirTag(</linha_simples>) -> ------------------------------------------------
-- 20/04 00:21:23:569 - TraduzirTagBloco(<msi>, 1234567890) -> [GS]w[STX][GS]h2[GS]H[NUL][GS]kR[LF]1234567890
-- 20/04 00:21:23:576 - TraduzirTag(</corte_total>) ->  [LF] [LF] [LF] [LF][GS]V[NUL]
-- 20/04 00:21:23:583 - EnviarStringDevice( [ESC]@[ESC]2[ESC]t[STX][LF]================================================[LF]FONTE NORMAL: 48 Colunas[LF][ESC]![NUL][ESC]![BS]FONTE NEGRITO[ESC]![NUL][LF][GS]B[SOH]FONTE INVERTIDA[GS]B[NUL][LF][ESC]![128]FONTE SUBLINHADA[ESC]![NUL][LF][ESC]4FONTE ITALICO[ESC]5[LF]FONTE NORMAL[LF]------------------------------------------------[LF][ESC]![BS]LIGA NEGRITO[LF][ESC]4LIGA ITALICO[LF][ESC]![136][ESC]4LIGA SUBLINHADA[LF][ESC]![137][ESC]4LIGA CONDENSADA[LF][ESC]![169][ESC]4LIGA EXPANDIDA[LF][ESC]![185][ESC]4LIGA ALTURA DUPLA[LF][ESC]![NUL]FONTE NORMAL[LF]------------------------------------------------[LF][ESC]! [ESC]!(NEGRITO E EXPANDIDA[ESC]! [ESC]![NUL][LF][ESC]![SOH][ESC]![TAB]NEGRITO E CONDENSADA[ESC]![SOH][ESC]![NUL][LF][ESC]! [ESC]!0EXPANDIDA E ALT.DUPLA[ESC]! [ESC]![NUL][LF][ESC]![NUL]FONTE NORMAL[LF][GS]B[SOH][ESC]! [GS]B[SOH]INVERTIDA E EXPANDIDA[ESC]![NUL][GS]B[SOH][GS]B[NUL][LF][GS]B[SOH][ESC]![SOH][GS]B[SOH]INVERTIDA E CONDENSADA[ESC]![NUL][GS]B[SOH][GS]B[NUL][LF][GS]B[SOH][ESC]![16][GS]B[SOH]INVERTIDA E ALT.DUPLA[ESC]![NUL][GS]B[SOH][GS]B[NUL][LF][ESC]![NUL]FONTE NORMAL[LF]------------------------------------------------[LF][ESC]M[SOH]FONTE TIPO B[LF][ESC]![BS]FONTE NEGRITO[ESC]![NUL][LF][ESC]! FONTE EXPANDIDA[ESC]![NUL][LF][ESC]![16]FONTE ALT.DUPLA[ESC]![NUL][LF][GS]B[SOH]FONTE INVERTIDA[GS]B[NUL][LF][ESC]![128]FONTE SUBLINHADA[ESC]![NUL][LF][ESC]4FONTE ITALICO[ESC]5[LF][ESC]M[NUL]FONTE TIPO A[LF][ESC]![NUL]FONTE NORMAL[LF] [LF] [LF] [LF] [LF][GS]V[NUL][LF][ESC]![SOH]CODE128C: 35150711111111111111591234567890001135408700[ESC]![NUL][LF][GS]w[STX][GS]h2[GS]H[NUL][GS]kI[24]{C#[15][7][11][11][11][11][11][11][11];[FF]"8NZ[NUL][11]#(W[NUL][LF]------------------------------------------------[LF]UPCA: 12345678901[LF][GS]w[STX][GS]h2[GS]H[NUL][GS]kA[11]12345678901[LF]------------------------------------------------[LF]CODABAR: A123456789012345A[LF][GS]w[STX][GS]h2[GS]H[NUL][GS]kG[WAK]A123456789012345A[LF]------------------------------------------------[LF]MSI: 1234567890[LF][GS]w[STX][GS]h2[GS]H[NUL][GS]kR[LF]1234567890[LF] [LF] [LF] [LF] [LF][GS]V[NUL])
-- 20/04 00:21:23:597 - Desativando a porta: COM2

--------------------------------------------------------------------------------
DESATIVAR - 20/04/18 00:21:42:053
--------------------------------------------------------------------------------

-- 20/04 00:40:33:598 - SetModelo(ppEscPosEpson)

--------------------------------------------------------------------------------
ATIVAR - 20/04/18 00:40:36:335
  - Modelo.: EscPosEpson
  - TimeOut: 3
  - Serial.: COM2 - BAUD=9600 DATA=8 PARITY=N STOP=1 HANDSHAKE= MAXBANDWIDTH=0 SENDBYTESCOUNT=0 SENDBYTESINTERVAL=0
--------------------------------------------------------------------------------

-- 20/04 00:42:07:865 - SetModelo(ppEscPosEpson)

--------------------------------------------------------------------------------
ATIVAR - 20/04/18 00:42:09:806
  - Modelo.: EscPosEpson
  - TimeOut: 3
  - Serial.: COM2 - BAUD=9600 DATA=8 PARITY=N STOP=1 HANDSHAKE= MAXBANDWIDTH=0 SENDBYTESCOUNT=0 SENDBYTESINTERVAL=0
--------------------------------------------------------------------------------

-- 20/04 00:42:10:831 - TX -> [16][4][SOH]
-- 20/04 00:42:10:850 - RX <- [22]
-- 20/04 00:42:10:859 - TX -> [16][4][STX]
-- 20/04 00:42:10:879 - RX <- [18]
-- 20/04 00:42:10:886 - TX -> [16][4][4]
-- 20/04 00:42:10:906 - RX <- [18]
-- 20/04 00:44:02:553 - SetModelo(ppEscPosEpson)
-- 20/04 00:44:19:941 - TX -> [16][4][SOH]
-- 20/04 00:44:19:960 - RX <- [22]
-- 20/04 00:44:19:967 - TX -> [16][4][STX]
-- 20/04 00:44:19:987 - RX <- [18]
-- 20/04 00:44:19:994 - TX -> [16][4][4]
-- 20/04 00:44:20:013 - RX <- [18]
-- 20/04 00:49:21:958 - SetModelo(ppEscPosEpson)

--------------------------------------------------------------------------------
ATIVAR - 20/04/18 00:49:25:017
  - Modelo.: EscPosEpson
  - TimeOut: 3
  - Serial.: COM2 - BAUD=9600 DATA=8 PARITY=N STOP=1 HANDSHAKE= MAXBANDWIDTH=0 SENDBYTESCOUNT=0 SENDBYTESINTERVAL=0
--------------------------------------------------------------------------------

-- 20/04 00:49:27:785 - TX -> [16][4][SOH]
-- 20/04 00:49:27:804 - RX <- [22]
-- 20/04 00:49:27:811 - TX -> [16][4][STX]
-- 20/04 00:49:27:830 - RX <- [18]
-- 20/04 00:49:27:838 - TX -> [16][4][4]
-- 20/04 00:49:27:856 - RX <- [18]
-- 20/04 00:51:23:275 - SetModelo(ppEscPosEpson)

--------------------------------------------------------------------------------
ATIVAR - 20/04/18 00:51:25:614
  - Modelo.: EscPosEpson
  - TimeOut: 3
  - Serial.: COM2 - BAUD=9600 DATA=8 PARITY=N STOP=1 HANDSHAKE= MAXBANDWIDTH=0 SENDBYTESCOUNT=0 SENDBYTESINTERVAL=0
--------------------------------------------------------------------------------

-- 20/04 00:51:31:312 - TX -> [16][4][SOH]
-- 20/04 00:51:31:330 - RX <- [22]
-- 20/04 00:51:31:339 - TX -> [16][4][STX]
-- 20/04 00:51:31:359 - RX <- [18]
-- 20/04 00:51:31:366 - TX -> [16][4][4]
-- 20/04 00:51:31:385 - RX <- [18]
-- 20/04 00:52:37:138 - SetModelo(ppEscPosEpson)

--------------------------------------------------------------------------------
ATIVAR - 20/04/18 00:52:39:472
  - Modelo.: EscPosEpson
  - TimeOut: 3
  - Serial.: COM2 - BAUD=9600 DATA=8 PARITY=N STOP=1 HANDSHAKE= MAXBANDWIDTH=0 SENDBYTESCOUNT=0 SENDBYTESINTERVAL=0
--------------------------------------------------------------------------------

-- 20/04 00:52:40:376 - TX -> [16][4][SOH]
-- 20/04 00:52:40:395 - RX <- [22]
-- 20/04 00:52:40:403 - TX -> [16][4][STX]
-- 20/04 00:52:40:422 - RX <- [18]
-- 20/04 00:52:40:431 - TX -> [16][4][4]
-- 20/04 00:52:40:450 - RX <- [18]
-- 20/04 00:52:50:669 - SetModelo(ppEscPosEpson)

--------------------------------------------------------------------------------
ATIVAR - 20/04/18 00:52:53:135
  - Modelo.: EscPosEpson
  - TimeOut: 3
  - Serial.: COM2 - BAUD=9600 DATA=8 PARITY=N STOP=1 HANDSHAKE= MAXBANDWIDTH=0 SENDBYTESCOUNT=0 SENDBYTESINTERVAL=0
--------------------------------------------------------------------------------

-- 20/04 00:52:53:863 - TX -> [16][4][SOH]
-- 20/04 00:52:53:883 - RX <- [22]
-- 20/04 00:52:53:890 - TX -> [16][4][STX]
-- 20/04 00:52:53:910 - RX <- [18]
-- 20/04 00:52:53:918 - TX -> [16][4][4]
-- 20/04 00:52:53:937 - RX <- [18]
-- 20/04 00:52:56:282 - TX -> [16][4][SOH]
-- 20/04 00:52:56:301 - RX <- [22]
-- 20/04 00:52:56:309 - TX -> [16][4][STX]
-- 20/04 00:52:56:328 - RX <- [18]
-- 20/04 00:52:56:336 - TX -> [16][4][4]
-- 20/04 00:52:56:355 - RX <- [18]
-- 20/04 00:53:15:858 - SetModelo(ppEscPosEpson)

--------------------------------------------------------------------------------
ATIVAR - 20/04/18 00:53:18:434
  - Modelo.: EscPosEpson
  - TimeOut: 3
  - Serial.: COM2 - BAUD=9600 DATA=8 PARITY=N STOP=1 HANDSHAKE= MAXBANDWIDTH=0 SENDBYTESCOUNT=0 SENDBYTESINTERVAL=0
--------------------------------------------------------------------------------

-- 20/04 00:53:20:215 - TX -> [16][4][SOH]
-- 20/04 00:53:20:233 - RX <- [22]
-- 20/04 00:53:20:242 - TX -> [16][4][STX]
-- 20/04 00:53:20:260 - RX <- [18]
-- 20/04 00:53:20:267 - TX -> [16][4][4]
-- 20/04 00:53:20:286 - RX <- [18]
-- 20/04 00:53:30:417 - TX -> [16][4][SOH]
-- 20/04 00:53:30:437 - RX <- [30]
-- 20/04 00:53:30:445 - TX -> [16][4][STX]
-- 20/04 00:53:30:464 - RX <- [22]
-- 20/04 00:53:30:471 - TX -> [16][4][4]
-- 20/04 00:53:30:490 - RX <- [18]
-- 20/04 00:53:39:734 - TX -> [16][4][SOH]
-- 20/04 00:53:39:753 - RX <- [30]
-- 20/04 00:53:39:761 - TX -> [16][4][STX]
-- 20/04 00:53:39:780 - RX <- 2
-- 20/04 00:53:39:787 - TX -> [16][4][4]
-- 20/04 00:53:39:806 - RX <- r
-- 20/04 00:55:12:411 - SetModelo(ppEscPosEpson)

--------------------------------------------------------------------------------
ATIVAR - 20/04/18 00:55:14:861
  - Modelo.: EscPosEpson
  - TimeOut: 3
  - Serial.: COM2 - BAUD=9600 DATA=8 PARITY=N STOP=1 HANDSHAKE= MAXBANDWIDTH=0 SENDBYTESCOUNT=0 SENDBYTESINTERVAL=0
--------------------------------------------------------------------------------

-- 20/04 00:55:16:466 - TX -> [GS]IB
-- 20/04 00:55:16:484 - RX <- _
-- 20/04 00:55:16:492 - TX -> [GS]IA
-- 20/04 00:55:16:511 - RX <- _1.03.24 ESC/POS
-- 20/04 00:55:16:519 - TX -> [GS]IC
-- 20/04 00:55:16:537 - RX <- _ELGIN I9
-- 20/04 00:55:16:544 - TX -> [GS]ID
-- 20/04 00:55:16:564 - RX <- _15012063
-- 20/04 00:55:16:571 - TX -> [GS]I2
-- 20/04 00:55:16:590 - RX <- [ETX]

--------------------------------------------------------------------------------
DESATIVAR - 20/04/18 00:55:24:141
--------------------------------------------------------------------------------

-- 20/04 10:17:49:940 - SetModelo(ppEscPosEpson)

--------------------------------------------------------------------------------
ATIVAR - 20/04/18 10:17:52:379
  - Modelo.: EscPosEpson
  - TimeOut: 3
  - Serial.: COM2 - BAUD=9600 DATA=8 PARITY=N STOP=1 HANDSHAKE= MAXBANDWIDTH=0 SENDBYTESCOUNT=0 SENDBYTESINTERVAL=0
--------------------------------------------------------------------------------

-- 20/04 10:17:54:259 - TX -> [16][4][SOH]
-- 20/04 10:17:54:279 - RX <- [22]
-- 20/04 10:17:54:287 - TX -> [16][4][STX]
-- 20/04 10:17:54:307 - RX <- [18]
-- 20/04 10:17:54:314 - TX -> [16][4][4]
-- 20/04 10:17:54:334 - RX <- [18]
-- 20/04 10:17:55:427 - TX -> [GS]IB
-- 20/04 10:17:55:447 - RX <- _
-- 20/04 10:17:55:454 - TX -> [GS]IA
-- 20/04 10:17:55:474 - RX <- _1.03.24 ESC/POS
-- 20/04 10:17:55:482 - TX -> [GS]IC
-- 20/04 10:17:55:501 - RX <- _ELGIN I9
-- 20/04 10:17:55:508 - TX -> [GS]ID
-- 20/04 10:17:55:528 - RX <- _15012063
-- 20/04 10:17:55:536 - TX -> [GS]I2
-- 20/04 10:17:55:555 - RX <- [ETX]
-- 20/04 10:17:59:187 - TX -> [16][4][SOH]
-- 20/04 10:17:59:207 - RX <- [22]
-- 20/04 10:17:59:215 - TX -> [16][4][STX]
-- 20/04 10:17:59:234 - RX <- [18]
-- 20/04 10:17:59:241 - TX -> [16][4][4]
-- 20/04 10:17:59:260 - RX <- [18]
-- 20/04 10:18:00:327 - TX -> [GS]IB
-- 20/04 10:18:00:345 - RX <- _
-- 20/04 10:18:00:353 - TX -> [GS]IA
-- 20/04 10:18:00:371 - RX <- _1.03.24 ESC/POS
-- 20/04 10:18:00:378 - TX -> [GS]IC
-- 20/04 10:18:00:398 - RX <- _ELGIN I9
-- 20/04 10:18:00:406 - TX -> [GS]ID
-- 20/04 10:18:00:425 - RX <- _15012063
-- 20/04 10:18:00:432 - TX -> [GS]I2
-- 20/04 10:18:00:452 - RX <- [ETX]
-- 20/04 13:29:22:037 - SetModelo(ppEscPosEpson)

--------------------------------------------------------------------------------
ATIVAR - 20/04/18 13:29:26:032
  - Modelo.: EscPosEpson
  - TimeOut: 3
  - Serial.: COM2 - BAUD=9600 DATA=8 PARITY=N STOP=1 HANDSHAKE= MAXBANDWIDTH=0 SENDBYTESCOUNT=0 SENDBYTESINTERVAL=0
--------------------------------------------------------------------------------

-- 20/04 13:29:26:942 - TX -> [16][4][SOH]
-- 20/04 13:29:26:961 - RX <- [22]
-- 20/04 13:29:26:969 - TX -> [16][4][STX]
-- 20/04 13:29:26:989 - RX <- [18]
-- 20/04 13:29:26:996 - TX -> [16][4][4]
-- 20/04 13:29:27:016 - RX <- [18]
-- 20/04 13:29:28:161 - TX -> [GS]IB
-- 20/04 13:29:28:179 - RX <- _
-- 20/04 13:29:28:188 - TX -> [GS]IA
-- 20/04 13:29:28:208 - RX <- _1.03.24 ESC/POS
-- 20/04 13:29:28:216 - TX -> [GS]IC
-- 20/04 13:29:28:235 - RX <- _ELGIN I9
-- 20/04 13:29:28:243 - TX -> [GS]ID
-- 20/04 13:29:28:261 - RX <- _15012063
-- 20/04 13:29:28:269 - TX -> [GS]I2
-- 20/04 13:29:28:289 - RX <- [ETX]
-- 19/06 14:33:26:496 - SetModelo(ppEscPosEpson)
-- 19/06 14:34:12:450 - SetModelo(ppEscPosEpson)
